<?xml version="1.0" encoding="UTF-8"?>
<testng-results ignored="0" total="2" passed="2" failed="0" skipped="0">
  <reporter-output>
  </reporter-output>
  <suite started-at="2023-01-09T23:21:50 IST" name="Default suite" finished-at="2023-01-09T23:22:47 IST" duration-ms="56314">
    <groups>
    </groups>
    <test started-at="2023-01-09T23:21:50 IST" name="Default test" finished-at="2023-01-09T23:22:47 IST" duration-ms="56314">
      <class name="com.myntra.tests.AppTests">
        <test-method is-config="true" signature="setUp()[pri:0, instance:com.myntra.tests.AppTests@4229bb3f]" started-at="2023-01-09T23:21:50 IST" name="setUp" finished-at="2023-01-09T23:21:52 IST" duration-ms="1980" status="PASS">
          <reporter-output>
          </reporter-output>
        </test-method> <!-- setUp -->
        <test-method signature="searchProductVerify()[pri:1, instance:com.myntra.tests.AppTests@4229bb3f]" started-at="2023-01-09T23:21:52 IST" name="searchProductVerify" finished-at="2023-01-09T23:21:59 IST" duration-ms="6979" status="PASS">
          <reporter-output>
          </reporter-output>
        </test-method> <!-- searchProductVerify -->
        <test-method is-config="true" signature="tearDown()[pri:0, instance:com.myntra.tests.AppTests@4229bb3f]" started-at="2023-01-09T23:21:59 IST" name="tearDown" finished-at="2023-01-09T23:22:00 IST" duration-ms="251" status="PASS">
          <reporter-output>
          </reporter-output>
        </test-method> <!-- tearDown -->
        <test-method is-config="true" signature="setUp()[pri:0, instance:com.myntra.tests.AppTests@4229bb3f]" started-at="2023-01-09T23:22:00 IST" name="setUp" finished-at="2023-01-09T23:22:01 IST" duration-ms="1121" status="PASS">
          <reporter-output>
          </reporter-output>
        </test-method> <!-- setUp -->
        <test-method signature="checkForBags()[pri:2, instance:com.myntra.tests.AppTests@4229bb3f]" started-at="2023-01-09T23:22:01 IST" name="checkForBags" finished-at="2023-01-09T23:22:46 IST" duration-ms="45659" status="PASS">
          <reporter-output>
          </reporter-output>
        </test-method> <!-- checkForBags -->
        <test-method is-config="true" signature="tearDown()[pri:0, instance:com.myntra.tests.AppTests@4229bb3f]" started-at="2023-01-09T23:22:46 IST" name="tearDown" finished-at="2023-01-09T23:22:47 IST" duration-ms="298" status="PASS">
          <reporter-output>
          </reporter-output>
        </test-method> <!-- tearDown -->
      </class> <!-- com.myntra.tests.AppTests -->
    </test> <!-- Default test -->
  </suite> <!-- Default suite -->
</testng-results>
